<?xml version="1.0" encoding="UTF-8"?>
<!-- Generated by org.testng.reporters.JUnitXMLReporter -->
<testsuite ignored="0" hostname="CSPLAP0713" failures="1" tests="2" name="AutomationTest" time="59.436" errors="0" timestamp="20 Aug 2021 12:20:10 GMT">
  <testcase classname="com.qa.amazon.tests.VerifyAmazonTest" name="verifyHomePageTitleTest" time="0.351"/>
  <testcase classname="com.qa.amazon.tests.VerifyAmazonTest" name="verifyPasswordErrorTest" time="5.142">
    <failure type="java.lang.AssertionError" message="expected [true] but found [false]">
      <![CDATA[java.lang.AssertionError: expected [true] but found [false]
at com.qa.amazon.tests.VerifyAmazonTest.verifyPasswordErrorTest(VerifyAmazonTest.java:57)
... Removed 29 stack frames]]>
    </failure>
  </testcase> <!-- verifyPasswordErrorTest -->
</testsuite> <!-- AutomationTest -->
